<?xml version="1.0" encoding="UTF-8"?>
<testng-results ignored="0" total="1" passed="1" failed="0" skipped="0">
  <reporter-output>
  </reporter-output>
  <suite started-at="2023-03-05T02:12:11 IST" name="Suite" finished-at="2023-03-05T02:12:11 IST" duration-ms="49">
    <groups>
    </groups>
    <test started-at="2023-03-05T02:12:11 IST" name="Test" finished-at="2023-03-05T02:12:11 IST" duration-ms="49">
      <class name="com.nxtgenai.automation.SampleTestCase">
        <test-method signature="sampleTestCase()[pri:0, instance:com.nxtgenai.automation.SampleTestCase@20f5239f]" started-at="2023-03-05T02:12:11 IST" name="sampleTestCase" finished-at="2023-03-05T02:12:11 IST" duration-ms="9" status="PASS">
          <reporter-output>
          </reporter-output>
        </test-method> <!-- sampleTestCase -->
      </class> <!-- com.nxtgenai.automation.SampleTestCase -->
    </test> <!-- Test -->
  </suite> <!-- Suite -->
</testng-results>
